<?xml version="1.0" encoding="UTF-8"?>
<testsuite xmlns:xsi="http://www.w3.org/2001/XMLSchema-instance" xsi:noNamespaceSchemaLocation="https://maven.apache.org/surefire/maven-surefire-plugin/xsd/surefire-test-report-3.0.xsd" version="3.0" name="com.aia.wallet.service.BatchReportIntegrationTest" time="1.679" tests="3" errors="0" skipped="0" failures="0">
  <properties>
[...]
</properties>
  <testcase name="testReportContentVerification" classname="com.aia.wallet.service.BatchReportIntegrationTest" time="0.293">
    <system-out><![CDATA[22:08:19.393 [main] INFO org.springframework.boot.test.context.SpringBootTestContextBootstrapper -- Found @SpringBootConfiguration com.aia.wallet.AiaWalletBackendApplication for test class com.aia.wallet.service.BatchReportIntegrationTest

  .   ____          _            __ _ _
 /\\ / ___'_ __ _ _(_)_ __  __ _ \ \ \ \
( ( )\___ | '_ | '_| | '_ \/ _` | \ \ \ \
 \\/  ___)| |_)| | | | | || (_| |  ) ) ) )
  '  |____| .__|_| |_|_| |_\__, | / / / /
 =========|_|==============|___/=/_/_/_/
 :: Spring Boot ::                (v3.2.0)

2025-12-01T22:08:19.515+08:00  INFO 70956 --- [aia-wallet-backend] [           main] c.a.w.s.BatchReportIntegrationTest       : Starting BatchReportIntegrationTest using Java 25.0.1 with PID 70956 (started by charles in /Users/charles/Documents/trae_projects)
2025-12-01T22:08:19.516+08:00  INFO 70956 --- [aia-wallet-backend] [           main] c.a.w.s.BatchReportIntegrationTest       : The following 1 profile is active: "test"
2025-12-01T22:08:19.712+08:00  INFO 70956 --- [aia-wallet-backend] [           main] .s.d.r.c.RepositoryConfigurationDelegate : Bootstrapping Spring Data JPA repositories in DEFAULT mode.
2025-12-01T22:08:19.732+08:00  INFO 70956 --- [aia-wallet-backend] [           main] .s.d.r.c.RepositoryConfigurationDelegate : Finished Spring Data repository scanning in 17 ms. Found 4 JPA repository interfaces.
2025-12-01T22:08:19.843+08:00  INFO 70956 --- [aia-wallet-backend] [           main] com.zaxxer.hikari.HikariDataSource       : HikariPool-1 - Starting...
2025-12-01T22:08:19.955+08:00  INFO 70956 --- [aia-wallet-backend] [           main] com.zaxxer.hikari.pool.HikariPool        : HikariPool-1 - Added connection conn0: url=jdbc:h2:mem:aia_wallet_test user=SA
2025-12-01T22:08:19.955+08:00  INFO 70956 --- [aia-wallet-backend] [           main] com.zaxxer.hikari.HikariDataSource       : HikariPool-1 - Start completed.
2025-12-01T22:08:19.996+08:00  INFO 70956 --- [aia-wallet-backend] [           main] o.hibernate.jpa.internal.util.LogHelper  : HHH000204: Processing PersistenceUnitInfo [name: default]
2025-12-01T22:08:20.015+08:00  INFO 70956 --- [aia-wallet-backend] [           main] org.hibernate.Version                    : HHH000412: Hibernate ORM core version 6.3.1.Final
2025-12-01T22:08:20.024+08:00  INFO 70956 --- [aia-wallet-backend] [           main] o.h.c.internal.RegionFactoryInitiator    : HHH000026: Second-level cache disabled
2025-12-01T22:08:20.088+08:00  INFO 70956 --- [aia-wallet-backend] [           main] o.s.o.j.p.SpringPersistenceUnitInfo      : No LoadTimeWeaver setup: ignoring JPA class transformer
2025-12-01T22:08:20.357+08:00  INFO 70956 --- [aia-wallet-backend] [           main] o.h.e.t.j.p.i.JtaPlatformInitiator       : HHH000489: No JTA platform available (set 'hibernate.transaction.jta.platform' to enable JTA platform integration)
2025-12-01T22:08:20.358+08:00  INFO 70956 --- [aia-wallet-backend] [           main] j.LocalContainerEntityManagerFactoryBean : Initialized JPA EntityManagerFactory for persistence unit 'default'
2025-12-01T22:08:20.537+08:00  WARN 70956 --- [aia-wallet-backend] [           main] JpaBaseConfiguration$JpaWebConfiguration : spring.jpa.open-in-view is enabled by default. Therefore, database queries may be performed during view rendering. Explicitly configure spring.jpa.open-in-view to disable this warning
2025-12-01T22:08:20.656+08:00  INFO 70956 --- [aia-wallet-backend] [           main] c.a.w.s.BatchReportIntegrationTest       : Started BatchReportIntegrationTest in 1.222 seconds (process running for 1.521)
Mock Upload: /var/folders/_1/fd4jg51n29jfyg4ssqrk8l340000gn/T/Monthly_Report_NOVEMBER.csv to /reports/monthly/Monthly_Report_NOVEMBER.csv
Generated CSV:
"AIA MYANMAR,AIA Monthly Wallet Listing"
No,Client ID,User Name,Transaction Type,Amount,Currency,Current Balance,Campaign Description,Campign Code,Transaction Date,Requested By,Result,Error Message
1,20097740,,Credit,500.00,MMK,500.00,Cashback,Q3,2025-11-24,Pyae Thuta,Passed,
2,20097740,,Debit,500.00,MMK,500.00,,,2025-11-24,Pyae Thuta,Failed,Some Error

]]></system-out>
    <system-err><![CDATA[WARNING: A Java agent has been loaded dynamically (/Users/charles/.m2/repository/net/bytebuddy/byte-buddy-agent/1.14.10/byte-buddy-agent-1.14.10.jar)
WARNING: If a serviceability tool is in use, please run with -XX:+EnableDynamicAgentLoading to hide this warning
WARNING: If a serviceability tool is not in use, please run with -Djdk.instrument.traceUsage for more information
WARNING: Dynamic loading of agents will be disallowed by default in a future release
]]></system-err>
  </testcase>
  <testcase name="testDailyBatchAndMonthlyReport" classname="com.aia.wallet.service.BatchReportIntegrationTest" time="0.021">
    <system-out><![CDATA[2025-12-01T22:08:20.962+08:00  INFO 70956 --- [aia-wallet-backend] [           main] c.a.w.service.impl.BatchServiceImpl      : Starting batch processing. Batch Run ID: e5aa9538-9791-4c67-a514-cae1146da95c
2025-12-01T22:08:20.966+08:00  INFO 70956 --- [aia-wallet-backend] [           main] c.a.w.service.impl.BatchServiceImpl      : Processing file: Reward_2025-11-24.csv
2025-12-01T22:08:20.968+08:00 ERROR 70956 --- [aia-wallet-backend] [           main] c.a.w.service.impl.BatchServiceImpl      : Failed to process record number 3: Invalid Transaction Type: UnknownType
2025-12-01T22:08:20.968+08:00  INFO 70956 --- [aia-wallet-backend] [           main] c.a.w.service.impl.BatchServiceImpl      : Batch processing completed. Success: 2, Failure: 1
Mock Upload: /var/folders/_1/fd4jg51n29jfyg4ssqrk8l340000gn/T/Monthly_Report_NOVEMBER.csv to /reports/monthly/Monthly_Report_NOVEMBER.csv
]]></system-out>
  </testcase>
  <testcase name="testProcessFromResourceFile" classname="com.aia.wallet.service.BatchReportIntegrationTest" time="0.01">
    <system-out><![CDATA[2025-12-01T22:08:20.981+08:00  INFO 70956 --- [aia-wallet-backend] [           main] c.a.w.service.impl.BatchServiceImpl      : Starting batch processing. Batch Run ID: e52c693f-a10a-4561-a374-92dfdb18aff6
2025-12-01T22:08:20.982+08:00  INFO 70956 --- [aia-wallet-backend] [           main] c.a.w.service.impl.BatchServiceImpl      : Processing file: Reward_Resource_Test.csv
2025-12-01T22:08:20.982+08:00 ERROR 70956 --- [aia-wallet-backend] [           main] c.a.w.service.impl.BatchServiceImpl      : Failed to process record number 3: Invalid Transaction Type: UnknownType
2025-12-01T22:08:20.982+08:00  INFO 70956 --- [aia-wallet-backend] [           main] c.a.w.service.impl.BatchServiceImpl      : Batch processing completed. Success: 2, Failure: 1
]]></system-out>
  </testcase>
</testsuite>